<?xml version="1.0" encoding="UTF-8"?>
<!-- Generated by org.testng.reporters.JUnitXMLReporter -->
<testsuite hostname="DESKTOP-D1EGUAA" ignored="2" name="Test1" tests="1" failures="0" timestamp="2022-10-06T13:39:02 IST" time="0.068" errors="0">
  <testcase name="test1" time="0.02" classname="com.example.FirstTest"/>
  <testcase name="test3" time="0.0" classname="com.example.FirstTest">
    <ignored/>
  </testcase> <!-- test3 -->
  <testcase name="test2" time="0.0" classname="com.example.FirstTest">
    <ignored/>
  </testcase> <!-- test2 -->
</testsuite> <!-- Test1 -->
