<?xml version="1.0" encoding="UTF-8"?>
<!-- Generated by org.testng.reporters.JUnitXMLReporter -->
<testsuite hostname="DESKTOP-D1EGUAA" ignored="1" name="Test2" tests="2" failures="0" timestamp="2022-10-06T13:39:02 IST" time="0.016" errors="0">
  <testcase name="test4" time="0.002" classname="com.example.NewTest"/>
  <testcase name="test6" time="0.005" classname="com.example.NewTest"/>
  <testcase name="test5" time="0.0" classname="com.example.NewTest">
    <ignored/>
  </testcase> <!-- test5 -->
</testsuite> <!-- Test2 -->
