<?xml version="1.0" encoding="UTF-8"?>
<testng-results skipped="0" failed="0" ignored="0" total="2" passed="2">
  <reporter-output>
  </reporter-output>
  <suite name="Default suite" duration-ms="62793" started-at="2022-10-10T17:53:27 IST" finished-at="2022-10-10T17:54:30 IST">
    <groups>
    </groups>
    <test name="Default test" duration-ms="62793" started-at="2022-10-10T17:53:27 IST" finished-at="2022-10-10T17:54:30 IST">
      <class name="com.example.FirstTest">
        <test-method status="PASS" signature="config()[pri:0, instance:com.example.FirstTest@12f41634]" name="config" is-config="true" duration-ms="42385" started-at="2022-10-10T17:53:27 IST" finished-at="2022-10-10T17:54:10 IST">
          <reporter-output>
          </reporter-output>
        </test-method> <!-- config -->
        <test-method status="PASS" signature="test1()[pri:0, instance:com.example.FirstTest@12f41634]" name="test1" duration-ms="5468" started-at="2022-10-10T17:54:10 IST" finished-at="2022-10-10T17:54:15 IST">
          <reporter-output>
          </reporter-output>
        </test-method> <!-- test1 -->
        <test-method status="PASS" signature="test2()[pri:0, instance:com.example.FirstTest@12f41634]" name="test2" duration-ms="13521" started-at="2022-10-10T17:54:15 IST" finished-at="2022-10-10T17:54:29 IST">
          <reporter-output>
          </reporter-output>
        </test-method> <!-- test2 -->
        <test-method status="PASS" signature="quitbrowser()[pri:0, instance:com.example.FirstTest@12f41634]" name="quitbrowser" is-config="true" duration-ms="1269" started-at="2022-10-10T17:54:29 IST" finished-at="2022-10-10T17:54:30 IST">
          <reporter-output>
          </reporter-output>
        </test-method> <!-- quitbrowser -->
      </class> <!-- com.example.FirstTest -->
    </test> <!-- Default test -->
  </suite> <!-- Default suite -->
</testng-results>
