<?xml version="1.0" encoding="UTF-8"?>
<testng-results skipped="0" failed="0" ignored="0" total="2" passed="2">
  <reporter-output>
  </reporter-output>
  <suite name="Default suite" duration-ms="37228" started-at="2022-10-20T13:54:37 IST" finished-at="2022-10-20T13:55:14 IST">
    <groups>
    </groups>
    <test name="Default test" duration-ms="37228" started-at="2022-10-20T13:54:37 IST" finished-at="2022-10-20T13:55:14 IST">
      <class name="com.example.demo.AadharAdmin">
        <test-method status="PASS" signature="ChromeBrowser()[pri:0, instance:com.example.demo.AadharAdmin@eafc191]" name="ChromeBrowser" duration-ms="20950" started-at="2022-10-20T13:54:37 IST" finished-at="2022-10-20T13:54:58 IST">
          <reporter-output>
          </reporter-output>
        </test-method> <!-- ChromeBrowser -->
        <test-method status="PASS" signature="TestHome()[pri:0, instance:com.example.demo.AadharAdmin@eafc191]" name="TestHome" duration-ms="16203" started-at="2022-10-20T13:54:58 IST" finished-at="2022-10-20T13:55:14 IST">
          <reporter-output>
          </reporter-output>
        </test-method> <!-- TestHome -->
      </class> <!-- com.example.demo.AadharAdmin -->
    </test> <!-- Default test -->
  </suite> <!-- Default suite -->
</testng-results>
