<?xml version="1.0" encoding="UTF-8"?>
<!-- Generated by org.testng.reporters.JUnitXMLReporter -->
<testsuite hostname="DESKTOP-D1EGUAA" ignored="0" name="Default test" tests="7" failures="0" timestamp="2022-10-06T13:35:23 IST" time="0.383" errors="0">
  <testcase name="signup" time="0.133" classname="TestNg.TestNG.PriorityTesting"/>
  <testcase name="signin" time="0.003" classname="TestNg.TestNG.PriorityTesting"/>
  <testcase name="search" time="0.002" classname="TestNg.TestNG.PriorityTesting"/>
  <testcase name="book" time="0.002" classname="TestNg.TestNG.PriorityTesting"/>
  <testcase name="save" time="0.002" classname="TestNg.TestNG.PriorityTesting"/>
  <testcase name="pay" time="0.002" classname="TestNg.TestNG.PriorityTesting"/>
  <testcase name="logout" time="0.001" classname="TestNg.TestNG.PriorityTesting"/>
</testsuite> <!-- Default test -->
